<?xml version="1.0" encoding="UTF-8"?>
<testng-results skipped="0" failed="0" total="1" passed="1">
  <reporter-output>
  </reporter-output>
  <suite name="Default suite" duration-ms="15936" started-at="2018-04-21T02:00:38Z" finished-at="2018-04-21T02:00:54Z">
    <groups>
    </groups>
    <test name="Default test" duration-ms="15936" started-at="2018-04-21T02:00:38Z" finished-at="2018-04-21T02:00:54Z">
      <class name="automationConcepts.VerificationsUsingTestNg">
        <test-method status="PASS" signature="dealLoansSingleSet()[pri:0, instance:automationConcepts.VerificationsUsingTestNg@531be3c5]" name="dealLoansSingleSet" duration-ms="15883" started-at="2018-04-20T22:00:38Z" finished-at="2018-04-20T22:00:54Z">
          <reporter-output>
          </reporter-output>
        </test-method> <!-- dealLoansSingleSet -->
      </class> <!-- automationConcepts.VerificationsUsingTestNg -->
    </test> <!-- Default test -->
  </suite> <!-- Default suite -->
</testng-results>
